<?xml version="1.0" encoding="UTF-8"?>
<!-- Generated by org.testng.reporters.JUnitReportReporter -->
<<<<<<< HEAD
<testsuite hostname="Praveen" failures="0" tests="1" name="demo.SampleTest" time="0.010" errors="0" timestamp="2022-11-21T11:31:26 IST" skipped="0">
  <testcase classname="demo.SampleTest" name="test" time="0.010"/>
=======
<testsuite hostname="Praveen" failures="0" tests="1" name="demo.SampleTest" time="0.011" errors="0" timestamp="2022-11-21T11:03:18 IST" skipped="0">
  <testcase classname="demo.SampleTest" name="test" time="0.011"/>
>>>>>>> branch 'master' of https://github.com/Pravee9449/DemoByPraveen.git
  <system-out/>
</testsuite> <!-- demo.SampleTest -->
