<?xml version="1.0" encoding="UTF-8"?>
<!-- Generated by org.testng.reporters.JUnitReportReporter -->
<testsuite hostname="Praveen" failures="0" tests="1" name="demo.SampleTest" time="0.012" errors="0" timestamp="2022-11-21T10:21:05 IST" skipped="0">
  <testcase classname="demo.SampleTest" name="test" time="0.012"/>
  <system-out/>
</testsuite> <!-- demo.SampleTest -->
